2022-04-17 20:58:52,459 Data of subject subject_1.json has been loaded
2022-04-17 20:58:52,459 Test of subject %s has been marked as invalid because of asdas
2022-04-17 20:58:52,459 Data of subject subject_2.json has been loaded
2022-04-17 20:58:52,459 Test of subject %s has been marked as invalid because of asdas
2022-04-17 20:58:52,459 Data of subject subject_3.json has been loaded
2022-04-17 20:58:52,460 Test of subject %s has been marked as invalid because of asdas
2022-04-17 21:10:32,561 Data of subject 1 has been loaded
2022-04-17 21:10:32,561 Test of subject 1 has been marked as invalid because of asdas
2022-04-17 21:10:32,561 Data of subject 2 has been loaded
2022-04-17 21:10:32,561 Test of subject 2 has been marked as invalid because of asdas
2022-04-17 21:10:32,569 Data of subject 3 has been loaded
2022-04-17 21:10:32,569 Test of subject 3 has been marked as invalid because of asdas
2022-04-17 21:36:38,068 Data of subject 1 has been loaded
2022-04-17 21:36:38,069 Data of subject 2 has been loaded
2022-04-17 21:36:38,069 Data of subject 3 has been loaded
2022-04-17 21:37:06,265 Test of subject 1 has been marked as invalid because of balbla
2022-04-17 21:37:10,177 Test of subject 2 has been marked as invalid because of 
2022-04-17 21:37:13,915 Test of subject 3 has been marked as invalid because of hehehe
2022-04-17 21:53:11,297 Data of subject 1 has been loaded
2022-04-17 21:53:11,297 Data of subject 2 has been loaded
2022-04-17 21:53:11,297 Data of subject 3 has been loaded
2022-04-17 21:58:44,873 Data of subject 1 has been loaded
2022-04-17 21:58:44,873 Data of subject 2 has been loaded
2022-04-17 21:58:44,873 Data of subject 3 has been loaded
2022-04-17 21:58:53,808 Test of subject 1 has been marked as invalid because of 
2022-04-17 21:58:58,417 Test of subject 2 has been marked as invalid because of jih
2022-04-17 21:59:36,980 Data of subject 1 has been loaded
2022-04-17 21:59:36,981 Data of subject 2 has been loaded
2022-04-17 21:59:36,981 Data of subject 3 has been loaded
2022-04-17 21:59:43,346 Test of subject 1 has been marked as invalid because of 
2022-04-17 21:59:45,869 Test of subject 2 has been marked as invalid because of shth
2022-04-17 21:59:48,152 Test of subject 3 has been marked as invalid because of sgw
2022-04-17 22:02:10,778 Data of subject 1 has been loaded
2022-04-17 22:02:10,778 Data of subject 2 has been loaded
2022-04-17 22:02:10,778 Data of subject 3 has been loaded
2022-04-17 22:02:16,737 Data of subject 1 has been loaded
2022-04-17 22:02:16,737 Data of subject 2 has been loaded
2022-04-17 22:02:16,738 Data of subject 3 has been loaded
2022-04-17 22:02:23,362 Test of subject 1 has been marked as invalid because of 
2022-04-17 22:02:25,487 Test of subject 2 has been marked as invalid because of sfr
2022-04-17 22:02:27,488 Test of subject 3 has been marked as invalid because of df
2022-04-17 22:04:35,297 Data of subject 1 has been loaded
2022-04-17 22:04:35,298 Data of subject 2 has been loaded
2022-04-17 22:04:35,298 Data of subject 3 has been loaded
2022-04-17 22:05:01,064 Data of subject 1 has been loaded
2022-04-17 22:05:01,065 Data of subject 2 has been loaded
2022-04-17 22:05:01,065 Data of subject 3 has been loaded
2022-04-17 22:05:15,094 Data of subject 1 has been loaded
2022-04-17 22:05:15,094 Data of subject 2 has been loaded
2022-04-17 22:05:15,095 Data of subject 3 has been loaded
2022-04-17 22:06:01,304 Data of subject 1 has been loaded
2022-04-17 22:06:01,304 Data of subject 2 has been loaded
2022-04-17 22:06:01,304 Data of subject 3 has been loaded
2022-04-17 22:06:22,824 Test of subject 1 has been marked as invalid because of 
2022-04-17 22:06:23,279 Test of subject 2 has been marked as invalid because of 
2022-04-17 22:06:23,753 Test of subject 3 has been marked as invalid because of 
2022-04-17 22:06:58,025 Data of subject 1 has been loaded
2022-04-17 22:06:58,026 Data of subject 2 has been loaded
2022-04-17 22:06:58,026 Data of subject 3 has been loaded
2022-04-17 22:07:03,271 Test of subject 1 has been marked as invalid because of a
2022-04-17 22:07:04,985 Test of subject 2 has been marked as invalid because of 
2022-04-17 22:07:31,629 Data of subject 1 has been loaded
2022-04-17 22:07:31,629 Data of subject 2 has been loaded
2022-04-17 22:07:31,629 Data of subject 3 has been loaded
2022-04-17 22:07:41,165 Test of subject 3 has been marked as invalid because of a
2022-04-17 22:11:14,810 Data of subject 1 has been loaded
2022-04-17 22:11:14,810 Data of subject 2 has been loaded
2022-04-17 22:11:14,811 Data of subject 3 has been loaded
2022-04-17 22:11:19,636 Data of subject 1 has been loaded
2022-04-17 22:11:19,636 Data of subject 2 has been loaded
2022-04-17 22:11:19,637 Data of subject 3 has been loaded
2022-04-17 22:11:23,833 Test of subject 1 has been marked as invalid because of 
2022-04-17 22:11:25,859 Test of subject 2 has been marked as invalid because of dgfr
2022-04-17 22:11:27,279 Test of subject 3 has been marked as invalid because of dfg
2022-04-17 22:14:34,898 Data of subject 1 has been loaded
2022-04-17 22:14:34,898 Data of subject 2 has been loaded
2022-04-17 22:14:34,899 Data of subject 3 has been loaded
2022-04-17 22:14:41,895 Data of subject 1 has been loaded
2022-04-17 22:14:41,896 Data of subject 2 has been loaded
2022-04-17 22:14:41,896 Data of subject 3 has been loaded
2022-04-17 22:14:48,584 Test of subject 2 has been marked as invalid because of grt
2022-04-17 22:14:54,442 Test of subject 3 has been marked as invalid because of grrrrrrrrrrrrrrrrrrrrrrrrrrrrrrrrr
2022-04-17 22:39:28,548 Data of subject 1 has been loaded
2022-04-17 22:39:28,549 Data of subject 2 has been loaded
2022-04-17 22:39:28,549 Data of subject 3 has been loaded
2022-04-17 22:39:28,549 3 files have been loaded completely.
2022-04-17 22:39:35,909 Test of subject 2 has been marked as invalid because of rzt
2022-04-17 22:39:38,266 Test of subject 3 has been marked as invalid because of et
2022-04-17 23:09:22,280 Data of subject 1 has been loaded.
2022-04-17 23:09:22,281 Data of subject 2 has been loaded.
2022-04-17 23:09:22,281 Data of subject 3 has been loaded.
2022-04-17 23:09:22,281 3 files have been loaded completely.
2022-04-17 23:11:20,200 Data of subject 1 has been loaded.
2022-04-17 23:11:20,201 Data of subject 2 has been loaded.
2022-04-17 23:11:20,201 Data of subject 3 has been loaded.
2022-04-17 23:11:20,201 3 files have been loaded completely.
